
=== Wed Nov 29 17:53:42 2023

Packages were changed.
Update Mode: updateDependencies

The following packages were updated:
  com.unity.render-pipelines.universal from version 12.1.12 to 12.1.13

=== Thu Nov 30 10:51:15 2023

Packages were changed.
Update Mode: updateDependencies

The following packages were updated:
  com.unity.render-pipelines.universal from version 12.1.12 to 12.1.13

=== Thu Nov 30 10:59:52 2023

Packages were changed.
Update Mode: updateDependencies

The following packages were updated:
  com.unity.render-pipelines.universal from version 12.1.12 to 12.1.13

=== Thu Nov 30 11:04:53 2023

Packages were changed.
Update Mode: updateDependencies

The following packages were updated:
  com.unity.render-pipelines.universal from version 12.1.12 to 12.1.13

=== Thu Nov 30 19:28:22 2023

Packages were changed.
Update Mode: updateDependencies

The following packages were added:
  com.unity.ai.navigation@1.1.5
The following packages were updated:
  com.unity.render-pipelines.universal from version 12.1.13 to 14.0.9
  com.unity.timeline from version 1.7.1 to 1.7.6
